2018-04-24 11:41:54,191 - INFO - 初始化app
2018-04-24 11:41:54,191 - INFO - 初始化present数据数据范围:<2018-04-24 00:21:54.191518>-<2018-04-24 11:51:54.191518>
2018-04-24 11:41:54,191 - INFO - 初始化symbol代码-HSIJ8
2018-04-24 11:41:54,198 - INFO - D+初始化请求HSIJ8数据
2018-04-24 11:41:54,222 - INFO - 初始化SERVER信息对接
2018-04-24 11:41:54,222 - INFO - 初始化SERVER信息对接
2018-04-24 11:41:54,222 - INFO - D+初始化HSIJ8数据,请求结束时间：<2018-04-24 11:51:54.191518>前至600条1min bar
2018-04-24 11:41:54,384 - INFO - D+初始化HSIJ8数据完成.2018-04-23 17:27:00-->2018-04-24 11:40:00
2018-04-24 11:41:54,384 - INFO - D+初始化Indicator-MA数据-['ma10=10', 'ma20=20', 'ma30=30', 'ma60=60']
2018-04-24 11:41:54,384 - INFO - D+初始化Indicator-MACD数据-['short=10', 'long=22', 'm=9']
2018-04-24 11:41:54,384 - INFO - D+初始化Indicator-STD数据-['window=60', 'min_periods=2']
2018-04-24 11:41:54,384 - INFO - D+初始化spec_handler-MACD_HL_MARK数据-[]
2018-04-24 11:41:54,384 - INFO - D+初始化spec_handler-COINCIDE数据-[]
2018-04-24 11:41:54,384 - INFO - D+初始化spec_handler-BuySell数据-['windows=15', 'real_bar_rate=0.6', 'overlap_rate=0.4']
2018-04-24 11:41:54,385 - INFO - D+初始化HSENG$.APR8交易数据
2018-04-24 11:41:54,392 - INFO - D+初始化请求HSIJ8当前min-TICKER数据
2018-04-24 11:41:54,417 - INFO - P+初始化192.168.2.226:6868订阅端口
2018-04-24 11:41:54,418 - INFO - 开始订阅HSIJ8-TICKER数据
2018-04-24 11:41:54,419 - INFO - D↑开始更新HSIJ8-TICKER数据
2018-04-24 11:41:54,443 - INFO - P+初始化192.168.2.226:6869订阅端口
2018-04-24 11:41:54,444 - INFO - 开始订阅HSIJ8-PRICE数据
2018-04-24 11:41:54,445 - INFO - D#开启Indicator-MA数据计算更新
2018-04-24 11:41:54,444 - INFO - D↑开始更新HSIJ8-PRICE数据
2018-04-24 11:41:54,463 - INFO - D↑更新Indicator-MA数据
2018-04-24 11:41:54,463 - INFO - D+加入Indicator-MA
2018-04-24 11:41:54,463 - INFO - D#开启Indicator-MACD数据计算更新
2018-04-24 11:41:54,471 - INFO - D↑更新Indicator-MACD数据
2018-04-24 11:41:54,472 - INFO - D+加入Indicator-MACD
2018-04-24 11:41:54,472 - INFO - D#开启Indicator-STD数据计算更新
2018-04-24 11:41:54,482 - INFO - D↑更新Indicator-STD数据
2018-04-24 11:41:54,482 - INFO - D+加入Indicator-STD
2018-04-24 11:41:54,482 - INFO - D#开启spec_handler-MACD_HL_MARK数据计算更新
2018-04-24 11:41:54,580 - INFO - D↑更新spec_handler-MACD_HL_MARK数据
2018-04-24 11:41:54,580 - INFO - D+加入spec_handler-MACD_HL_MARK
2018-04-24 11:41:54,580 - INFO - D#开启spec_handler-BuySell数据计算更新
2018-04-24 11:41:57,178 - INFO - D↑更新spec_handler-BuySell数据
2018-04-24 11:41:57,178 - INFO - D+加入spec_handler-BuySell
2018-04-24 11:41:57,178 - INFO - D#开启spec_handler-COINCIDE数据计算更新
2018-04-24 11:41:57,230 - INFO - D↑更新spec_handler-COINCIDE数据
2018-04-24 11:41:57,230 - INFO - D+加入spec_handler-COINCIDE
2018-04-24 11:41:57,230 - INFO - D#开启HSENG$.APR8交易数据更新
2018-04-24 11:41:57,279 - INFO - D↑更新HSENG$.APR8交易数据,<2018-04-23 09:27:00>-<2018-04-24 03:41:00>
2018-04-24 11:41:57,279 - INFO - D+加入Mark-Trade_Data
2018-04-24 11:41:57,279 - INFO - 初始化OHLC数据完成
2018-04-24 11:41:58,231 - INFO - 绑定数据到图表
2018-04-24 11:41:58,240 - INFO - 初始化main画布
2018-04-24 11:41:58,251 - INFO - 初始化indicator1画布
2018-04-24 11:41:58,260 - INFO - 初始化indicator2画布
2018-04-24 11:41:58,270 - INFO - 初始化indicator3画布
2018-04-24 11:41:58,279 - INFO - 初始化date_slicer画布
2018-04-24 11:41:58,280 - INFO - 加入OHLC图表
2018-04-24 11:41:58,280 - INFO - 加入MA图表
2018-04-24 11:41:58,280 - INFO - 加入MACD图表
2018-04-24 11:41:58,281 - INFO - 加入MACD_HL_MARK图表
2018-04-24 11:41:58,281 - INFO - 加入STD图表
2018-04-24 11:41:58,281 - INFO - 加入Trade_Data图表
2018-04-24 11:41:58,281 - INFO - 加入COINCIDE图表
2018-04-24 11:41:58,281 - INFO - 加入Slicer图表
2018-04-24 11:41:58,281 - INFO - 加入BuySell图表
2018-04-24 11:41:58,287 - INFO - G+初始化OHLC图表至main
2018-04-24 11:41:58,292 - INFO - G+初始化OHLC图表至indicator3
2018-04-24 11:41:58,301 - INFO - G+初始化MA图表至main
2018-04-24 11:41:58,309 - INFO - G+初始化MA图表至indicator3
2018-04-24 11:41:58,546 - INFO - G+初始化MACD图表至indicator1
2018-04-24 11:41:58,546 - INFO - G+初始化MACD_HL_MARK图表至main
2018-04-24 11:41:58,606 - INFO - G+初始化STD图表至indicator2
2018-04-24 11:41:58,612 - INFO - G+初始化Trade_Data图表至main
2018-04-24 11:41:58,617 - INFO - G+初始化Trade_Data图表至indicator3
2018-04-24 11:41:58,618 - INFO - G+初始化COINCIDE图表至main
2018-04-24 11:41:58,621 - INFO - G+初始化Slicer图表至date_slicer
2018-04-24 11:41:58,622 - INFO - G+初始化BuySell图表至date_slicer
2018-04-24 11:41:58,622 - INFO - 初始化mouseaction交互行为
2018-04-24 11:41:58,646 - INFO - 初始化交互信号绑定
2018-04-24 11:41:58,653 - INFO - 开启SERVER信息对接
2018-04-24 11:41:58,654 - INFO - 开启SERVER信息对接
2018-04-24 11:41:58,767 - INFO - 初始化图表完成
2018-04-24 11:41:58,767 - INFO - G↑更新图表......
2018-04-24 11:41:58,789 - INFO - G↑更新OHLC图表至main
2018-04-24 11:41:58,811 - INFO - G↑更新OHLC图表至indicator3
2018-04-24 11:41:58,816 - INFO - G↑更新MA图表至main
2018-04-24 11:41:58,821 - INFO - G↑更新MA图表至indicator3
2018-04-24 11:41:58,948 - INFO - G↑更新MACD图表至indicator1
2018-04-24 11:41:59,001 - INFO - G↑更新MACD_HL_MARK图表至main
2018-04-24 11:41:59,011 - INFO - G↑更新STD图表至indicator2
2018-04-24 11:41:59,021 - INFO - G↑更新Trade_Data图表至main
2018-04-24 11:41:59,029 - INFO - G↑更新Trade_Data图表至indicator3
2018-04-24 11:41:59,037 - INFO - G↑更新COINCIDE图表至main
2018-04-24 11:41:59,044 - INFO - G↑更新Slicer图表至date_slicer
2018-04-24 11:41:59,058 - INFO - G↑更新BuySell图表至date_slicer
2018-04-24 11:41:59,074 - INFO - 标记时间分割线interline
2018-04-24 11:41:59,150 - INFO - G↑更新图表完成......
2018-04-24 11:41:59,180 - INFO - 初始化登录界面
2018-04-24 11:41:59,257 - INFO - D↑更新Indicator-MA数据
2018-04-24 11:41:59,267 - INFO - D↑更新Indicator-MACD数据
2018-04-24 11:41:59,281 - INFO - D↑更新Indicator-STD数据
2018-04-24 11:41:59,375 - INFO - D↑更新spec_handler-MACD_HL_MARK数据
2018-04-24 11:42:03,186 - INFO - D↑更新spec_handler-BuySell数据
2018-04-24 11:42:03,262 - INFO - D↑更新spec_handler-COINCIDE数据
2018-04-24 11:42:03,430 - INFO - D↑更新HSENG$.APR8交易数据,<2018-04-23 09:28:00>-<2018-04-24 03:42:00>
2018-04-24 11:42:03,544 - INFO - G↑更新图表......
2018-04-24 11:42:03,564 - INFO - G↑更新OHLC图表至main
2018-04-24 11:42:03,584 - INFO - G↑更新OHLC图表至indicator3
2018-04-24 11:42:03,592 - INFO - G↑更新MA图表至main
2018-04-24 11:42:03,598 - INFO - G↑更新MA图表至indicator3
2018-04-24 11:42:03,719 - INFO - G↑更新MACD图表至indicator1
2018-04-24 11:42:03,762 - INFO - G↑更新MACD_HL_MARK图表至main
2018-04-24 11:42:03,769 - INFO - G↑更新STD图表至indicator2
2018-04-24 11:42:03,776 - INFO - G↑更新Trade_Data图表至main
2018-04-24 11:42:03,783 - INFO - G↑更新Trade_Data图表至indicator3
2018-04-24 11:42:03,791 - INFO - G↑更新COINCIDE图表至main
2018-04-24 11:42:03,798 - INFO - G↑更新Slicer图表至date_slicer
2018-04-24 11:42:03,812 - INFO - G↑更新BuySell图表至date_slicer
2018-04-24 11:42:03,827 - INFO - 标记时间分割线interline
2018-04-24 11:42:03,901 - INFO - G↑更新图表完成......
2018-04-24 11:42:12,282 - DEBUG - set_info_text设置信息错误->main
2018-04-24 11:42:12,285 - DEBUG - set_info_text设置信息错误->indicator3
2018-04-24 11:42:12,285 - DEBUG - set_info_text设置信息错误->main
2018-04-24 11:42:12,286 - DEBUG - set_info_text设置信息错误->indicator3
2018-04-24 11:42:12,286 - DEBUG - set_info_text设置信息错误->indicator1
2018-04-24 11:42:12,286 - DEBUG - set_info_text设置信息错误->indicator2
2018-04-24 11:42:12,293 - DEBUG - set_info_text设置信息错误->main
2018-04-24 11:42:12,296 - DEBUG - set_info_text设置信息错误->indicator3
2018-04-24 11:42:12,296 - DEBUG - set_info_text设置信息错误->main
2018-04-24 11:42:12,296 - DEBUG - set_info_text设置信息错误->indicator3
2018-04-24 11:42:12,297 - DEBUG - set_info_text设置信息错误->indicator1
2018-04-24 11:42:12,297 - DEBUG - set_info_text设置信息错误->indicator2
2018-04-24 11:42:12,303 - DEBUG - set_info_text设置信息错误->main
2018-04-24 11:42:12,306 - DEBUG - set_info_text设置信息错误->indicator3
2018-04-24 11:42:12,306 - DEBUG - set_info_text设置信息错误->main
2018-04-24 11:42:12,306 - DEBUG - set_info_text设置信息错误->indicator3
2018-04-24 11:42:12,306 - DEBUG - set_info_text设置信息错误->indicator1
2018-04-24 11:42:12,307 - DEBUG - set_info_text设置信息错误->indicator2
2018-04-24 11:42:12,312 - DEBUG - set_info_text设置信息错误->main
2018-04-24 11:42:12,316 - DEBUG - set_info_text设置信息错误->indicator3
2018-04-24 11:42:12,316 - DEBUG - set_info_text设置信息错误->main
2018-04-24 11:42:12,316 - DEBUG - set_info_text设置信息错误->indicator3
2018-04-24 11:42:12,316 - DEBUG - set_info_text设置信息错误->indicator1
2018-04-24 11:42:12,316 - DEBUG - set_info_text设置信息错误->indicator2
2018-04-24 11:42:12,346 - DEBUG - set_info_text设置信息错误->main
2018-04-24 11:42:12,349 - DEBUG - set_info_text设置信息错误->indicator3
2018-04-24 11:42:12,349 - DEBUG - set_info_text设置信息错误->main
2018-04-24 11:42:12,349 - DEBUG - set_info_text设置信息错误->indicator3
2018-04-24 11:42:12,349 - DEBUG - set_info_text设置信息错误->indicator1
2018-04-24 11:42:12,349 - DEBUG - set_info_text设置信息错误->indicator2
2018-04-24 11:42:12,356 - DEBUG - set_info_text设置信息错误->main
2018-04-24 11:42:12,359 - DEBUG - set_info_text设置信息错误->indicator3
2018-04-24 11:42:12,359 - DEBUG - set_info_text设置信息错误->main
2018-04-24 11:42:12,359 - DEBUG - set_info_text设置信息错误->indicator3
2018-04-24 11:42:12,360 - DEBUG - set_info_text设置信息错误->indicator1
2018-04-24 11:42:12,360 - DEBUG - set_info_text设置信息错误->indicator2
2018-04-24 11:42:12,366 - DEBUG - set_info_text设置信息错误->main
2018-04-24 11:42:12,368 - DEBUG - set_info_text设置信息错误->indicator3
2018-04-24 11:42:12,369 - DEBUG - set_info_text设置信息错误->main
2018-04-24 11:42:12,369 - DEBUG - set_info_text设置信息错误->indicator3
2018-04-24 11:42:12,369 - DEBUG - set_info_text设置信息错误->indicator1
2018-04-24 11:42:12,369 - DEBUG - set_info_text设置信息错误->indicator2
2018-04-24 11:42:12,374 - DEBUG - set_info_text设置信息错误->main
2018-04-24 11:42:12,377 - DEBUG - set_info_text设置信息错误->indicator3
2018-04-24 11:42:12,377 - DEBUG - set_info_text设置信息错误->main
2018-04-24 11:42:12,377 - DEBUG - set_info_text设置信息错误->indicator3
2018-04-24 11:42:12,377 - DEBUG - set_info_text设置信息错误->indicator1
2018-04-24 11:42:12,377 - DEBUG - set_info_text设置信息错误->indicator2
2018-04-24 11:42:12,405 - DEBUG - set_info_text设置信息错误->main
2018-04-24 11:42:12,409 - DEBUG - set_info_text设置信息错误->indicator3
2018-04-24 11:42:12,409 - DEBUG - set_info_text设置信息错误->main
2018-04-24 11:42:12,409 - DEBUG - set_info_text设置信息错误->indicator3
2018-04-24 11:42:12,409 - DEBUG - set_info_text设置信息错误->indicator1
2018-04-24 11:42:12,410 - DEBUG - set_info_text设置信息错误->indicator2
2018-04-24 11:42:12,415 - DEBUG - set_info_text设置信息错误->main
2018-04-24 11:42:12,418 - DEBUG - set_info_text设置信息错误->indicator3
2018-04-24 11:42:12,418 - DEBUG - set_info_text设置信息错误->main
2018-04-24 11:42:12,418 - DEBUG - set_info_text设置信息错误->indicator3
2018-04-24 11:42:12,418 - DEBUG - set_info_text设置信息错误->indicator1
2018-04-24 11:42:12,418 - DEBUG - set_info_text设置信息错误->indicator2
2018-04-24 11:42:12,424 - DEBUG - set_info_text设置信息错误->main
2018-04-24 11:42:12,427 - DEBUG - set_info_text设置信息错误->indicator3
2018-04-24 11:42:12,427 - DEBUG - set_info_text设置信息错误->main
2018-04-24 11:42:12,427 - DEBUG - set_info_text设置信息错误->indicator3
2018-04-24 11:42:12,427 - DEBUG - set_info_text设置信息错误->indicator1
2018-04-24 11:42:12,427 - DEBUG - set_info_text设置信息错误->indicator2
2018-04-24 11:42:12,433 - DEBUG - set_info_text设置信息错误->main
2018-04-24 11:42:12,436 - DEBUG - set_info_text设置信息错误->indicator3
2018-04-24 11:42:12,436 - DEBUG - set_info_text设置信息错误->main
2018-04-24 11:42:12,436 - DEBUG - set_info_text设置信息错误->indicator3
2018-04-24 11:42:12,436 - DEBUG - set_info_text设置信息错误->indicator1
2018-04-24 11:42:12,436 - DEBUG - set_info_text设置信息错误->indicator2
2018-04-24 11:42:12,466 - DEBUG - set_info_text设置信息错误->main
2018-04-24 11:42:12,469 - DEBUG - set_info_text设置信息错误->indicator3
2018-04-24 11:42:12,469 - DEBUG - set_info_text设置信息错误->main
2018-04-24 11:42:12,469 - DEBUG - set_info_text设置信息错误->indicator3
2018-04-24 11:42:12,469 - DEBUG - set_info_text设置信息错误->indicator1
2018-04-24 11:42:12,469 - DEBUG - set_info_text设置信息错误->indicator2
2018-04-24 11:42:12,476 - DEBUG - set_info_text设置信息错误->main
2018-04-24 11:42:12,478 - DEBUG - set_info_text设置信息错误->indicator3
2018-04-24 11:42:12,479 - DEBUG - set_info_text设置信息错误->main
2018-04-24 11:42:12,479 - DEBUG - set_info_text设置信息错误->indicator3
2018-04-24 11:42:12,479 - DEBUG - set_info_text设置信息错误->indicator1
2018-04-24 11:42:12,479 - DEBUG - set_info_text设置信息错误->indicator2
2018-04-24 11:42:12,484 - DEBUG - set_info_text设置信息错误->main
2018-04-24 11:42:12,487 - DEBUG - set_info_text设置信息错误->indicator3
2018-04-24 11:42:12,487 - DEBUG - set_info_text设置信息错误->main
2018-04-24 11:42:12,487 - DEBUG - set_info_text设置信息错误->indicator3
2018-04-24 11:42:12,487 - DEBUG - set_info_text设置信息错误->indicator1
2018-04-24 11:42:12,487 - DEBUG - set_info_text设置信息错误->indicator2
2018-04-24 11:42:12,493 - DEBUG - set_info_text设置信息错误->main
2018-04-24 11:42:12,496 - DEBUG - set_info_text设置信息错误->indicator3
2018-04-24 11:42:12,496 - DEBUG - set_info_text设置信息错误->main
2018-04-24 11:42:12,496 - DEBUG - set_info_text设置信息错误->indicator3
2018-04-24 11:42:12,496 - DEBUG - set_info_text设置信息错误->indicator1
2018-04-24 11:42:12,496 - DEBUG - set_info_text设置信息错误->indicator2
2018-04-24 11:42:12,524 - DEBUG - set_info_text设置信息错误->main
2018-04-24 11:42:12,527 - DEBUG - set_info_text设置信息错误->indicator3
2018-04-24 11:42:12,527 - DEBUG - set_info_text设置信息错误->main
2018-04-24 11:42:12,527 - DEBUG - set_info_text设置信息错误->indicator3
2018-04-24 11:42:12,527 - DEBUG - set_info_text设置信息错误->indicator1
2018-04-24 11:42:12,528 - DEBUG - set_info_text设置信息错误->indicator2
2018-04-24 11:42:12,533 - DEBUG - set_info_text设置信息错误->main
2018-04-24 11:42:12,536 - DEBUG - set_info_text设置信息错误->indicator3
2018-04-24 11:42:12,536 - DEBUG - set_info_text设置信息错误->main
2018-04-24 11:42:12,537 - DEBUG - set_info_text设置信息错误->indicator3
2018-04-24 11:42:12,537 - DEBUG - set_info_text设置信息错误->indicator1
2018-04-24 11:42:12,537 - DEBUG - set_info_text设置信息错误->indicator2
2018-04-24 11:42:12,542 - DEBUG - set_info_text设置信息错误->main
2018-04-24 11:42:12,545 - DEBUG - set_info_text设置信息错误->indicator3
2018-04-24 11:42:12,545 - DEBUG - set_info_text设置信息错误->main
2018-04-24 11:42:12,545 - DEBUG - set_info_text设置信息错误->indicator3
2018-04-24 11:42:12,545 - DEBUG - set_info_text设置信息错误->indicator1
2018-04-24 11:42:12,545 - DEBUG - set_info_text设置信息错误->indicator2
2018-04-24 11:42:12,551 - DEBUG - set_info_text设置信息错误->main
2018-04-24 11:42:12,554 - DEBUG - set_info_text设置信息错误->indicator3
2018-04-24 11:42:12,554 - DEBUG - set_info_text设置信息错误->main
2018-04-24 11:42:12,554 - DEBUG - set_info_text设置信息错误->indicator3
2018-04-24 11:42:12,554 - DEBUG - set_info_text设置信息错误->indicator1
2018-04-24 11:42:12,554 - DEBUG - set_info_text设置信息错误->indicator2
