2018-04-24 11:41:54,191 - INFO - 初始化app
2018-04-24 11:41:58,231 - INFO - 绑定数据到图表
2018-04-24 11:41:58,240 - INFO - 初始化main画布
2018-04-24 11:41:58,251 - INFO - 初始化indicator1画布
2018-04-24 11:41:58,260 - INFO - 初始化indicator2画布
2018-04-24 11:41:58,270 - INFO - 初始化indicator3画布
2018-04-24 11:41:58,279 - INFO - 初始化date_slicer画布
2018-04-24 11:41:58,280 - INFO - 加入OHLC图表
2018-04-24 11:41:58,280 - INFO - 加入MA图表
2018-04-24 11:41:58,280 - INFO - 加入MACD图表
2018-04-24 11:41:58,281 - INFO - 加入MACD_HL_MARK图表
2018-04-24 11:41:58,281 - INFO - 加入STD图表
2018-04-24 11:41:58,281 - INFO - 加入Trade_Data图表
2018-04-24 11:41:58,281 - INFO - 加入COINCIDE图表
2018-04-24 11:41:58,281 - INFO - 加入Slicer图表
2018-04-24 11:41:58,281 - INFO - 加入BuySell图表
2018-04-24 11:41:58,287 - INFO - G+初始化OHLC图表至main
2018-04-24 11:41:58,292 - INFO - G+初始化OHLC图表至indicator3
2018-04-24 11:41:58,301 - INFO - G+初始化MA图表至main
2018-04-24 11:41:58,309 - INFO - G+初始化MA图表至indicator3
2018-04-24 11:41:58,546 - INFO - G+初始化MACD图表至indicator1
2018-04-24 11:41:58,546 - INFO - G+初始化MACD_HL_MARK图表至main
2018-04-24 11:41:58,606 - INFO - G+初始化STD图表至indicator2
2018-04-24 11:41:58,612 - INFO - G+初始化Trade_Data图表至main
2018-04-24 11:41:58,617 - INFO - G+初始化Trade_Data图表至indicator3
2018-04-24 11:41:58,618 - INFO - G+初始化COINCIDE图表至main
2018-04-24 11:41:58,621 - INFO - G+初始化Slicer图表至date_slicer
2018-04-24 11:41:58,622 - INFO - G+初始化BuySell图表至date_slicer
2018-04-24 11:41:58,622 - INFO - 初始化mouseaction交互行为
2018-04-24 11:41:58,646 - INFO - 初始化交互信号绑定
2018-04-24 11:41:58,767 - INFO - 初始化图表完成
2018-04-24 11:41:58,767 - INFO - G↑更新图表......
2018-04-24 11:41:58,789 - INFO - G↑更新OHLC图表至main
2018-04-24 11:41:58,811 - INFO - G↑更新OHLC图表至indicator3
2018-04-24 11:41:58,816 - INFO - G↑更新MA图表至main
2018-04-24 11:41:58,821 - INFO - G↑更新MA图表至indicator3
2018-04-24 11:41:58,948 - INFO - G↑更新MACD图表至indicator1
2018-04-24 11:41:59,001 - INFO - G↑更新MACD_HL_MARK图表至main
2018-04-24 11:41:59,011 - INFO - G↑更新STD图表至indicator2
2018-04-24 11:41:59,021 - INFO - G↑更新Trade_Data图表至main
2018-04-24 11:41:59,029 - INFO - G↑更新Trade_Data图表至indicator3
2018-04-24 11:41:59,037 - INFO - G↑更新COINCIDE图表至main
2018-04-24 11:41:59,044 - INFO - G↑更新Slicer图表至date_slicer
2018-04-24 11:41:59,058 - INFO - G↑更新BuySell图表至date_slicer
2018-04-24 11:41:59,074 - INFO - 标记时间分割线interline
2018-04-24 11:41:59,150 - INFO - G↑更新图表完成......
2018-04-24 11:41:59,180 - INFO - 初始化登录界面
2018-04-24 11:42:03,544 - INFO - G↑更新图表......
2018-04-24 11:42:03,564 - INFO - G↑更新OHLC图表至main
2018-04-24 11:42:03,584 - INFO - G↑更新OHLC图表至indicator3
2018-04-24 11:42:03,592 - INFO - G↑更新MA图表至main
2018-04-24 11:42:03,598 - INFO - G↑更新MA图表至indicator3
2018-04-24 11:42:03,719 - INFO - G↑更新MACD图表至indicator1
2018-04-24 11:42:03,762 - INFO - G↑更新MACD_HL_MARK图表至main
2018-04-24 11:42:03,769 - INFO - G↑更新STD图表至indicator2
2018-04-24 11:42:03,776 - INFO - G↑更新Trade_Data图表至main
2018-04-24 11:42:03,783 - INFO - G↑更新Trade_Data图表至indicator3
2018-04-24 11:42:03,791 - INFO - G↑更新COINCIDE图表至main
2018-04-24 11:42:03,798 - INFO - G↑更新Slicer图表至date_slicer
2018-04-24 11:42:03,812 - INFO - G↑更新BuySell图表至date_slicer
2018-04-24 11:42:03,827 - INFO - 标记时间分割线interline
2018-04-24 11:42:03,901 - INFO - G↑更新图表完成......
2018-04-24 11:42:12,282 - DEBUG - set_info_text设置信息错误->main
2018-04-24 11:42:12,285 - DEBUG - set_info_text设置信息错误->indicator3
2018-04-24 11:42:12,285 - DEBUG - set_info_text设置信息错误->main
2018-04-24 11:42:12,286 - DEBUG - set_info_text设置信息错误->indicator3
2018-04-24 11:42:12,286 - DEBUG - set_info_text设置信息错误->indicator1
2018-04-24 11:42:12,286 - DEBUG - set_info_text设置信息错误->indicator2
2018-04-24 11:42:12,293 - DEBUG - set_info_text设置信息错误->main
2018-04-24 11:42:12,296 - DEBUG - set_info_text设置信息错误->indicator3
2018-04-24 11:42:12,296 - DEBUG - set_info_text设置信息错误->main
2018-04-24 11:42:12,296 - DEBUG - set_info_text设置信息错误->indicator3
2018-04-24 11:42:12,297 - DEBUG - set_info_text设置信息错误->indicator1
2018-04-24 11:42:12,297 - DEBUG - set_info_text设置信息错误->indicator2
2018-04-24 11:42:12,303 - DEBUG - set_info_text设置信息错误->main
2018-04-24 11:42:12,306 - DEBUG - set_info_text设置信息错误->indicator3
2018-04-24 11:42:12,306 - DEBUG - set_info_text设置信息错误->main
2018-04-24 11:42:12,306 - DEBUG - set_info_text设置信息错误->indicator3
2018-04-24 11:42:12,306 - DEBUG - set_info_text设置信息错误->indicator1
2018-04-24 11:42:12,307 - DEBUG - set_info_text设置信息错误->indicator2
2018-04-24 11:42:12,312 - DEBUG - set_info_text设置信息错误->main
2018-04-24 11:42:12,316 - DEBUG - set_info_text设置信息错误->indicator3
2018-04-24 11:42:12,316 - DEBUG - set_info_text设置信息错误->main
2018-04-24 11:42:12,316 - DEBUG - set_info_text设置信息错误->indicator3
2018-04-24 11:42:12,316 - DEBUG - set_info_text设置信息错误->indicator1
2018-04-24 11:42:12,316 - DEBUG - set_info_text设置信息错误->indicator2
2018-04-24 11:42:12,346 - DEBUG - set_info_text设置信息错误->main
2018-04-24 11:42:12,349 - DEBUG - set_info_text设置信息错误->indicator3
2018-04-24 11:42:12,349 - DEBUG - set_info_text设置信息错误->main
2018-04-24 11:42:12,349 - DEBUG - set_info_text设置信息错误->indicator3
2018-04-24 11:42:12,349 - DEBUG - set_info_text设置信息错误->indicator1
2018-04-24 11:42:12,349 - DEBUG - set_info_text设置信息错误->indicator2
2018-04-24 11:42:12,356 - DEBUG - set_info_text设置信息错误->main
2018-04-24 11:42:12,359 - DEBUG - set_info_text设置信息错误->indicator3
2018-04-24 11:42:12,359 - DEBUG - set_info_text设置信息错误->main
2018-04-24 11:42:12,359 - DEBUG - set_info_text设置信息错误->indicator3
2018-04-24 11:42:12,360 - DEBUG - set_info_text设置信息错误->indicator1
2018-04-24 11:42:12,360 - DEBUG - set_info_text设置信息错误->indicator2
2018-04-24 11:42:12,366 - DEBUG - set_info_text设置信息错误->main
2018-04-24 11:42:12,368 - DEBUG - set_info_text设置信息错误->indicator3
2018-04-24 11:42:12,369 - DEBUG - set_info_text设置信息错误->main
2018-04-24 11:42:12,369 - DEBUG - set_info_text设置信息错误->indicator3
2018-04-24 11:42:12,369 - DEBUG - set_info_text设置信息错误->indicator1
2018-04-24 11:42:12,369 - DEBUG - set_info_text设置信息错误->indicator2
2018-04-24 11:42:12,374 - DEBUG - set_info_text设置信息错误->main
2018-04-24 11:42:12,377 - DEBUG - set_info_text设置信息错误->indicator3
2018-04-24 11:42:12,377 - DEBUG - set_info_text设置信息错误->main
2018-04-24 11:42:12,377 - DEBUG - set_info_text设置信息错误->indicator3
2018-04-24 11:42:12,377 - DEBUG - set_info_text设置信息错误->indicator1
2018-04-24 11:42:12,377 - DEBUG - set_info_text设置信息错误->indicator2
2018-04-24 11:42:12,405 - DEBUG - set_info_text设置信息错误->main
2018-04-24 11:42:12,409 - DEBUG - set_info_text设置信息错误->indicator3
2018-04-24 11:42:12,409 - DEBUG - set_info_text设置信息错误->main
2018-04-24 11:42:12,409 - DEBUG - set_info_text设置信息错误->indicator3
2018-04-24 11:42:12,409 - DEBUG - set_info_text设置信息错误->indicator1
2018-04-24 11:42:12,410 - DEBUG - set_info_text设置信息错误->indicator2
2018-04-24 11:42:12,415 - DEBUG - set_info_text设置信息错误->main
2018-04-24 11:42:12,418 - DEBUG - set_info_text设置信息错误->indicator3
2018-04-24 11:42:12,418 - DEBUG - set_info_text设置信息错误->main
2018-04-24 11:42:12,418 - DEBUG - set_info_text设置信息错误->indicator3
2018-04-24 11:42:12,418 - DEBUG - set_info_text设置信息错误->indicator1
2018-04-24 11:42:12,418 - DEBUG - set_info_text设置信息错误->indicator2
2018-04-24 11:42:12,424 - DEBUG - set_info_text设置信息错误->main
2018-04-24 11:42:12,427 - DEBUG - set_info_text设置信息错误->indicator3
2018-04-24 11:42:12,427 - DEBUG - set_info_text设置信息错误->main
2018-04-24 11:42:12,427 - DEBUG - set_info_text设置信息错误->indicator3
2018-04-24 11:42:12,427 - DEBUG - set_info_text设置信息错误->indicator1
2018-04-24 11:42:12,427 - DEBUG - set_info_text设置信息错误->indicator2
2018-04-24 11:42:12,433 - DEBUG - set_info_text设置信息错误->main
2018-04-24 11:42:12,436 - DEBUG - set_info_text设置信息错误->indicator3
2018-04-24 11:42:12,436 - DEBUG - set_info_text设置信息错误->main
2018-04-24 11:42:12,436 - DEBUG - set_info_text设置信息错误->indicator3
2018-04-24 11:42:12,436 - DEBUG - set_info_text设置信息错误->indicator1
2018-04-24 11:42:12,436 - DEBUG - set_info_text设置信息错误->indicator2
2018-04-24 11:42:12,466 - DEBUG - set_info_text设置信息错误->main
2018-04-24 11:42:12,469 - DEBUG - set_info_text设置信息错误->indicator3
2018-04-24 11:42:12,469 - DEBUG - set_info_text设置信息错误->main
2018-04-24 11:42:12,469 - DEBUG - set_info_text设置信息错误->indicator3
2018-04-24 11:42:12,469 - DEBUG - set_info_text设置信息错误->indicator1
2018-04-24 11:42:12,469 - DEBUG - set_info_text设置信息错误->indicator2
2018-04-24 11:42:12,476 - DEBUG - set_info_text设置信息错误->main
2018-04-24 11:42:12,478 - DEBUG - set_info_text设置信息错误->indicator3
2018-04-24 11:42:12,479 - DEBUG - set_info_text设置信息错误->main
2018-04-24 11:42:12,479 - DEBUG - set_info_text设置信息错误->indicator3
2018-04-24 11:42:12,479 - DEBUG - set_info_text设置信息错误->indicator1
2018-04-24 11:42:12,479 - DEBUG - set_info_text设置信息错误->indicator2
2018-04-24 11:42:12,484 - DEBUG - set_info_text设置信息错误->main
2018-04-24 11:42:12,487 - DEBUG - set_info_text设置信息错误->indicator3
2018-04-24 11:42:12,487 - DEBUG - set_info_text设置信息错误->main
2018-04-24 11:42:12,487 - DEBUG - set_info_text设置信息错误->indicator3
2018-04-24 11:42:12,487 - DEBUG - set_info_text设置信息错误->indicator1
2018-04-24 11:42:12,487 - DEBUG - set_info_text设置信息错误->indicator2
2018-04-24 11:42:12,493 - DEBUG - set_info_text设置信息错误->main
2018-04-24 11:42:12,496 - DEBUG - set_info_text设置信息错误->indicator3
2018-04-24 11:42:12,496 - DEBUG - set_info_text设置信息错误->main
2018-04-24 11:42:12,496 - DEBUG - set_info_text设置信息错误->indicator3
2018-04-24 11:42:12,496 - DEBUG - set_info_text设置信息错误->indicator1
2018-04-24 11:42:12,496 - DEBUG - set_info_text设置信息错误->indicator2
2018-04-24 11:42:12,524 - DEBUG - set_info_text设置信息错误->main
2018-04-24 11:42:12,527 - DEBUG - set_info_text设置信息错误->indicator3
2018-04-24 11:42:12,527 - DEBUG - set_info_text设置信息错误->main
2018-04-24 11:42:12,527 - DEBUG - set_info_text设置信息错误->indicator3
2018-04-24 11:42:12,527 - DEBUG - set_info_text设置信息错误->indicator1
2018-04-24 11:42:12,528 - DEBUG - set_info_text设置信息错误->indicator2
2018-04-24 11:42:12,533 - DEBUG - set_info_text设置信息错误->main
2018-04-24 11:42:12,536 - DEBUG - set_info_text设置信息错误->indicator3
2018-04-24 11:42:12,536 - DEBUG - set_info_text设置信息错误->main
2018-04-24 11:42:12,537 - DEBUG - set_info_text设置信息错误->indicator3
2018-04-24 11:42:12,537 - DEBUG - set_info_text设置信息错误->indicator1
2018-04-24 11:42:12,537 - DEBUG - set_info_text设置信息错误->indicator2
2018-04-24 11:42:12,542 - DEBUG - set_info_text设置信息错误->main
2018-04-24 11:42:12,545 - DEBUG - set_info_text设置信息错误->indicator3
2018-04-24 11:42:12,545 - DEBUG - set_info_text设置信息错误->main
2018-04-24 11:42:12,545 - DEBUG - set_info_text设置信息错误->indicator3
2018-04-24 11:42:12,545 - DEBUG - set_info_text设置信息错误->indicator1
2018-04-24 11:42:12,545 - DEBUG - set_info_text设置信息错误->indicator2
2018-04-24 11:42:12,551 - DEBUG - set_info_text设置信息错误->main
2018-04-24 11:42:12,554 - DEBUG - set_info_text设置信息错误->indicator3
2018-04-24 11:42:12,554 - DEBUG - set_info_text设置信息错误->main
2018-04-24 11:42:12,554 - DEBUG - set_info_text设置信息错误->indicator3
2018-04-24 11:42:12,554 - DEBUG - set_info_text设置信息错误->indicator1
2018-04-24 11:42:12,554 - DEBUG - set_info_text设置信息错误->indicator2
