2018-04-24 11:41:54,384 - INFO - D+初始化Indicator-MA数据-['ma10=10', 'ma20=20', 'ma30=30', 'ma60=60']
2018-04-24 11:41:54,384 - INFO - D+初始化Indicator-MACD数据-['short=10', 'long=22', 'm=9']
2018-04-24 11:41:54,384 - INFO - D+初始化Indicator-STD数据-['window=60', 'min_periods=2']
2018-04-24 11:41:54,384 - INFO - D+初始化spec_handler-MACD_HL_MARK数据-[]
2018-04-24 11:41:54,384 - INFO - D+初始化spec_handler-COINCIDE数据-[]
2018-04-24 11:41:54,384 - INFO - D+初始化spec_handler-BuySell数据-['windows=15', 'real_bar_rate=0.6', 'overlap_rate=0.4']
2018-04-24 11:41:54,445 - INFO - D#开启Indicator-MA数据计算更新
2018-04-24 11:41:54,463 - INFO - D↑更新Indicator-MA数据
2018-04-24 11:41:54,463 - INFO - D#开启Indicator-MACD数据计算更新
2018-04-24 11:41:54,471 - INFO - D↑更新Indicator-MACD数据
2018-04-24 11:41:54,472 - INFO - D#开启Indicator-STD数据计算更新
2018-04-24 11:41:54,482 - INFO - D↑更新Indicator-STD数据
2018-04-24 11:41:54,482 - INFO - D#开启spec_handler-MACD_HL_MARK数据计算更新
2018-04-24 11:41:54,580 - INFO - D↑更新spec_handler-MACD_HL_MARK数据
2018-04-24 11:41:54,580 - INFO - D#开启spec_handler-BuySell数据计算更新
2018-04-24 11:41:57,178 - INFO - D↑更新spec_handler-BuySell数据
2018-04-24 11:41:57,178 - INFO - D#开启spec_handler-COINCIDE数据计算更新
2018-04-24 11:41:57,230 - INFO - D↑更新spec_handler-COINCIDE数据
2018-04-24 11:41:59,257 - INFO - D↑更新Indicator-MA数据
2018-04-24 11:41:59,267 - INFO - D↑更新Indicator-MACD数据
2018-04-24 11:41:59,281 - INFO - D↑更新Indicator-STD数据
2018-04-24 11:41:59,375 - INFO - D↑更新spec_handler-MACD_HL_MARK数据
2018-04-24 11:42:03,186 - INFO - D↑更新spec_handler-BuySell数据
2018-04-24 11:42:03,262 - INFO - D↑更新spec_handler-COINCIDE数据
