2018-04-23 11:40:00,135 - INFO - D+初始化请求HSIJ8数据
2018-04-23 11:40:00,159 - INFO - 初始化SERVER信息对接
2018-04-23 11:40:00,159 - INFO - D+初始化HSIJ8数据,请求结束时间：<2018-04-23 11:50:00.129189>前至600条1min bar
2018-04-23 11:40:00,378 - INFO - D+初始化HSIJ8数据完成.2018-04-20 17:24:00-->2018-04-23 11:38:00
2018-04-23 11:40:00,379 - INFO - D+初始化HSENG$.APR8交易数据
2018-04-23 11:40:00,399 - INFO - D+初始化请求HSIJ8当前min-TICKER数据
2018-04-23 11:40:00,424 - INFO - P+初始化192.168.2.226:6868订阅端口
2018-04-23 11:40:00,426 - INFO - 开始订阅HSIJ8-TICKER数据
2018-04-23 11:40:00,428 - INFO - D↑开始更新HSIJ8-TICKER数据
2018-04-23 11:40:00,454 - INFO - P+初始化192.168.2.226:6869订阅端口
2018-04-23 11:40:00,456 - INFO - 开始订阅HSIJ8-PRICE数据
2018-04-23 11:40:00,461 - INFO - D↑开始更新HSIJ8-PRICE数据
2018-04-23 11:40:00,482 - INFO - D+加入Indicator-MA
2018-04-23 11:40:00,492 - INFO - D+加入Indicator-MACD
2018-04-23 11:40:00,505 - INFO - D+加入Indicator-STD
2018-04-23 11:40:00,643 - INFO - D+加入spec_handler-MACD_HL_MARK
2018-04-23 11:40:03,605 - INFO - D+加入spec_handler-BuySell
2018-04-23 11:40:03,660 - INFO - D+加入spec_handler-COINCIDE
2018-04-23 11:40:03,660 - INFO - D#开启HSENG$.APR8交易数据更新
2018-04-23 11:40:03,773 - INFO - D↑更新HSENG$.APR8交易数据,<2018-04-20 09:24:00>-<2018-04-23 03:39:00>
2018-04-23 11:40:03,773 - INFO - D+加入Mark-Trade_Data
2018-04-23 11:40:03,773 - INFO - 初始化OHLC数据完成
2018-04-23 11:40:05,199 - INFO - 开启SERVER信息对接
2018-04-23 11:40:57,065 - DEBUG - 接收{ZMQ_SOCKET_HOST}:{ZMQ_TICKER_PORT}订阅端口TICKER数据超时
2018-04-23 11:40:57,068 - DEBUG - 接收TICKER队列数据超时
2018-04-23 11:41:03,237 - INFO - D↑更新HSENG$.APR8交易数据,<2018-04-20 09:25:00>-<2018-04-23 03:41:00>
